sdumont6165
sdumont6165
	linux-vdso.so.1 =>  (0x00002ac99454f000)
	libm.so.6 => /lib64/libm.so.6 (0x00002ac994751000)
	libncurses.so.5 => /lib64/libncurses.so.5 (0x00002ac994a53000)
	libtinfo.so.5 => /lib64/libtinfo.so.5 (0x00002ac994c7a000)
	libiomp5.so => /scratch/opt/intel/oneapi/2022/compiler/2022.0.2/linux/compiler/lib/intel64_lin/libiomp5.so (0x00002ac994ea4000)
	libgcc_s.so.1 => /lib64/libgcc_s.so.1 (0x00002ac9952c5000)
	libpthread.so.0 => /lib64/libpthread.so.0 (0x00002ac9954db000)
	libc.so.6 => /lib64/libc.so.6 (0x00002ac9956f7000)
	libdl.so.2 => /lib64/libdl.so.2 (0x00002ac995ac5000)
	/lib64/ld-linux-x86-64.so.2 (0x00002ac99452d000)
	librt.so.1 => /lib64/librt.so.1 (0x00002ac995cc9000)
rm -f ../obj/modelo_de_opiniao.o programa
icc -c -o ../obj/modelo_de_opiniao.o modelo_de_opiniao.c -I. -O2 -lm -lncurses -qopenmp -no-multibyte-chars -I"/scratch/opt/intel/oneapi/2022/mkl/2022.0.2/include"
icc -o programa ../obj/modelo_de_opiniao.o -I. -O2 -lm -lncurses -qopenmp -no-multibyte-chars -I"/scratch/opt/intel/oneapi/2022/mkl/2022.0.2/include"
Tempo (ini): 1702838333
rm -f ../obj/modelo_de_opiniao.o programa
icc -c -o ../obj/modelo_de_opiniao.o modelo_de_opiniao.c -I. -O2 -lm -lncurses -qopenmp -no-multibyte-chars -I"/scratch/opt/intel/oneapi/2022/mkl/2022.0.2/include"
icc -o programa ../obj/modelo_de_opiniao.o -I. -O2 -lm -lncurses -qopenmp -no-multibyte-chars -I"/scratch/opt/intel/oneapi/2022/mkl/2022.0.2/include"
Tempo (ini): 1702838775
rm -f ../obj/modelo_de_opiniao.o programa
icc -c -o ../obj/modelo_de_opiniao.o modelo_de_opiniao.c -I. -O2 -lm -lncurses -qopenmp -no-multibyte-chars -I"/scratch/opt/intel/oneapi/2022/mkl/2022.0.2/include"
icc -o programa ../obj/modelo_de_opiniao.o -I. -O2 -lm -lncurses -qopenmp -no-multibyte-chars -I"/scratch/opt/intel/oneapi/2022/mkl/2022.0.2/include"
slurmstepd: error: *** JOB 11074974 ON sdumont6165 CANCELLED AT 2023-12-17T15:58:48 DUE TO TIME LIMIT ***
