sdumont6165
sdumont6165
	linux-vdso.so.1 =>  (0x00007fff06982000)
	libm.so.6 => /lib64/libm.so.6 (0x00002b810d394000)
	libncurses.so.5 => /lib64/libncurses.so.5 (0x00002b810d696000)
	libtinfo.so.5 => /lib64/libtinfo.so.5 (0x00002b810d8bd000)
	libiomp5.so => /scratch/opt/intel/oneapi/2022/compiler/2022.0.2/linux/compiler/lib/intel64_lin/libiomp5.so (0x00002b810dae7000)
	libgcc_s.so.1 => /lib64/libgcc_s.so.1 (0x00002b810df08000)
	libpthread.so.0 => /lib64/libpthread.so.0 (0x00002b810e11e000)
	libc.so.6 => /lib64/libc.so.6 (0x00002b810e33a000)
	libdl.so.2 => /lib64/libdl.so.2 (0x00002b810e708000)
	/lib64/ld-linux-x86-64.so.2 (0x00002b810d170000)
	librt.so.1 => /lib64/librt.so.1 (0x00002b810e90c000)
rm -f ../obj/modelo_de_opiniao.o programa
icc -c -o ../obj/modelo_de_opiniao.o modelo_de_opiniao.c -I. -O2 -lm -lncurses -qopenmp -no-multibyte-chars -I"/scratch/opt/intel/oneapi/2022/mkl/2022.0.2/include"
icc -o programa ../obj/modelo_de_opiniao.o -I. -O2 -lm -lncurses -qopenmp -no-multibyte-chars -I"/scratch/opt/intel/oneapi/2022/mkl/2022.0.2/include"
mkdir: cannot create directory 'tempo-intel-sequana-16000-6': File exists
Tempo (ini): 1702839683
rm -f ../obj/modelo_de_opiniao.o programa
icc -c -o ../obj/modelo_de_opiniao.o modelo_de_opiniao.c -I. -O2 -lm -lncurses -qopenmp -no-multibyte-chars -I"/scratch/opt/intel/oneapi/2022/mkl/2022.0.2/include"
icc -o programa ../obj/modelo_de_opiniao.o -I. -O2 -lm -lncurses -qopenmp -no-multibyte-chars -I"/scratch/opt/intel/oneapi/2022/mkl/2022.0.2/include"
Tempo (ini): 1702840126
rm -f ../obj/modelo_de_opiniao.o programa
icc -c -o ../obj/modelo_de_opiniao.o modelo_de_opiniao.c -I. -O2 -lm -lncurses -qopenmp -no-multibyte-chars -I"/scratch/opt/intel/oneapi/2022/mkl/2022.0.2/include"
icc -o programa ../obj/modelo_de_opiniao.o -I. -O2 -lm -lncurses -qopenmp -no-multibyte-chars -I"/scratch/opt/intel/oneapi/2022/mkl/2022.0.2/include"
slurmstepd: error: *** JOB 11074988 ON sdumont6165 CANCELLED AT 2023-12-17T16:21:19 DUE TO TIME LIMIT ***
