sdumont1489
sdumont1489
	linux-vdso.so.1 =>  (0x00007fff9f761000)
	libm.so.6 => /lib64/libm.so.6 (0x00002b2914393000)
	libncurses.so.5 => /lib64/libncurses.so.5 (0x00002b2914695000)
	libtinfo.so.5 => /lib64/libtinfo.so.5 (0x00002b29148bc000)
	libiomp5.so => /opt/intel/oneapi/compiler/2022.0.2/linux/compiler/lib/intel64_lin/libiomp5.so (0x00002b2914ae6000)
	libgcc_s.so.1 => /lib64/libgcc_s.so.1 (0x00002b2914f07000)
	libpthread.so.0 => /lib64/libpthread.so.0 (0x00002b291511d000)
	libc.so.6 => /lib64/libc.so.6 (0x00002b2915339000)
	libdl.so.2 => /lib64/libdl.so.2 (0x00002b2915707000)
	/lib64/ld-linux-x86-64.so.2 (0x00002b291416f000)
	librt.so.1 => /lib64/librt.so.1 (0x00002b291590b000)
rm -f ../obj/modelo_de_opiniao.o programa
icc -c -o ../obj/modelo_de_opiniao.o modelo_de_opiniao.c -I. -O2 -lm -lncurses -qopenmp -no-multibyte-chars -I"/opt/intel/oneapi/mkl/2022.0.2/include"
icc -o programa ../obj/modelo_de_opiniao.o -I. -O2 -lm -lncurses -qopenmp -no-multibyte-chars -I"/opt/intel/oneapi/mkl/2022.0.2/include"
mkdir: cannot create directory 'tempo-intel-b710-16000-6': File exists
Tempo (ini): 1702836192
rm -f ../obj/modelo_de_opiniao.o programa
icc -c -o ../obj/modelo_de_opiniao.o modelo_de_opiniao.c -I. -O2 -lm -lncurses -qopenmp -no-multibyte-chars -I"/opt/intel/oneapi/mkl/2022.0.2/include"
icc -o programa ../obj/modelo_de_opiniao.o -I. -O2 -lm -lncurses -qopenmp -no-multibyte-chars -I"/opt/intel/oneapi/mkl/2022.0.2/include"
mkdir: cannot create directory 'tempo-intel-b710-16000-8': File exists
Tempo (ini): 1702836772
rm -f ../obj/modelo_de_opiniao.o programa
icc -c -o ../obj/modelo_de_opiniao.o modelo_de_opiniao.c -I. -O2 -lm -lncurses -qopenmp -no-multibyte-chars -I"/opt/intel/oneapi/mkl/2022.0.2/include"
icc -o programa ../obj/modelo_de_opiniao.o -I. -O2 -lm -lncurses -qopenmp -no-multibyte-chars -I"/opt/intel/oneapi/mkl/2022.0.2/include"
mkdir: cannot create directory 'tempo-intel-b710-16000-10': File exists
slurmstepd: error: *** JOB 11074955 ON sdumont1489 CANCELLED AT 2023-12-17T15:23:16 DUE TO TIME LIMIT ***
