sdumont1489
sdumont1489
	linux-vdso.so.1 =>  (0x00007ffc10bf8000)
	libm.so.6 => /lib64/libm.so.6 (0x00002b4907260000)
	libncurses.so.5 => /lib64/libncurses.so.5 (0x00002b4907562000)
	libtinfo.so.5 => /lib64/libtinfo.so.5 (0x00002b4907789000)
	libiomp5.so => /opt/intel/oneapi/compiler/2022.0.2/linux/compiler/lib/intel64_lin/libiomp5.so (0x00002b49079b3000)
	libgcc_s.so.1 => /lib64/libgcc_s.so.1 (0x00002b4907dd4000)
	libpthread.so.0 => /lib64/libpthread.so.0 (0x00002b4907fea000)
	libc.so.6 => /lib64/libc.so.6 (0x00002b4908206000)
	libdl.so.2 => /lib64/libdl.so.2 (0x00002b49085d4000)
	/lib64/ld-linux-x86-64.so.2 (0x00002b490703c000)
	librt.so.1 => /lib64/librt.so.1 (0x00002b49087d8000)
rm -f ../obj/modelo_de_opiniao.o programa
icc -c -o ../obj/modelo_de_opiniao.o modelo_de_opiniao.c -I. -O2 -lm -lncurses -qopenmp -no-multibyte-chars -I"/opt/intel/oneapi/mkl/2022.0.2/include"
icc -o programa ../obj/modelo_de_opiniao.o -I. -O2 -lm -lncurses -qopenmp -no-multibyte-chars -I"/opt/intel/oneapi/mkl/2022.0.2/include"
mkdir: cannot create directory 'tempo-intel-b710-16000-14': File exists
Tempo (ini): 1702839008
rm -f ../obj/modelo_de_opiniao.o programa
icc -c -o ../obj/modelo_de_opiniao.o modelo_de_opiniao.c -I. -O2 -lm -lncurses -qopenmp -no-multibyte-chars -I"/opt/intel/oneapi/mkl/2022.0.2/include"
icc -o programa ../obj/modelo_de_opiniao.o -I. -O2 -lm -lncurses -qopenmp -no-multibyte-chars -I"/opt/intel/oneapi/mkl/2022.0.2/include"
mkdir: cannot create directory 'tempo-intel-b710-16000-16': File exists
Tempo (ini): 1702839596
rm -f ../obj/modelo_de_opiniao.o programa
icc -c -o ../obj/modelo_de_opiniao.o modelo_de_opiniao.c -I. -O2 -lm -lncurses -qopenmp -no-multibyte-chars -I"/opt/intel/oneapi/mkl/2022.0.2/include"
icc -o programa ../obj/modelo_de_opiniao.o -I. -O2 -lm -lncurses -qopenmp -no-multibyte-chars -I"/opt/intel/oneapi/mkl/2022.0.2/include"
mkdir: cannot create directory 'tempo-intel-b710-16000-18': File exists
slurmstepd: error: *** JOB 11074982 ON sdumont1489 CANCELLED AT 2023-12-17T16:10:19 DUE TO TIME LIMIT ***
