sdumont1489
sdumont1489
	linux-vdso.so.1 =>  (0x00007fff9e7df000)
	libm.so.6 => /lib64/libm.so.6 (0x00002ba498c19000)
	libncurses.so.5 => /lib64/libncurses.so.5 (0x00002ba498f1b000)
	libtinfo.so.5 => /lib64/libtinfo.so.5 (0x00002ba499142000)
	libiomp5.so => /opt/intel/oneapi/compiler/2022.0.2/linux/compiler/lib/intel64_lin/libiomp5.so (0x00002ba49936c000)
	libgcc_s.so.1 => /lib64/libgcc_s.so.1 (0x00002ba49978d000)
	libpthread.so.0 => /lib64/libpthread.so.0 (0x00002ba4999a3000)
	libc.so.6 => /lib64/libc.so.6 (0x00002ba499bbf000)
	libdl.so.2 => /lib64/libdl.so.2 (0x00002ba499f8d000)
	/lib64/ld-linux-x86-64.so.2 (0x00002ba4989f5000)
	librt.so.1 => /lib64/librt.so.1 (0x00002ba49a191000)
rm -f ../obj/modelo_de_opiniao.o programa
icc -c -o ../obj/modelo_de_opiniao.o modelo_de_opiniao.c -I. -O2 -lm -lncurses -qopenmp -no-multibyte-chars -I"/opt/intel/oneapi/mkl/2022.0.2/include"
icc -o programa ../obj/modelo_de_opiniao.o -I. -O2 -lm -lncurses -qopenmp -no-multibyte-chars -I"/opt/intel/oneapi/mkl/2022.0.2/include"
Tempo (ini): 1702833600
rm -f ../obj/modelo_de_opiniao.o programa
icc -c -o ../obj/modelo_de_opiniao.o modelo_de_opiniao.c -I. -O2 -lm -lncurses -qopenmp -no-multibyte-chars -I"/opt/intel/oneapi/mkl/2022.0.2/include"
icc -o programa ../obj/modelo_de_opiniao.o -I. -O2 -lm -lncurses -qopenmp -no-multibyte-chars -I"/opt/intel/oneapi/mkl/2022.0.2/include"
Tempo (ini): 1702833624
rm -f ../obj/modelo_de_opiniao.o programa
icc -c -o ../obj/modelo_de_opiniao.o modelo_de_opiniao.c -I. -O2 -lm -lncurses -qopenmp -no-multibyte-chars -I"/opt/intel/oneapi/mkl/2022.0.2/include"
icc -o programa ../obj/modelo_de_opiniao.o -I. -O2 -lm -lncurses -qopenmp -no-multibyte-chars -I"/opt/intel/oneapi/mkl/2022.0.2/include"
Tempo (ini): 1702833652
rm -f ../obj/modelo_de_opiniao.o programa
icc -c -o ../obj/modelo_de_opiniao.o modelo_de_opiniao.c -I. -O2 -lm -lncurses -qopenmp -no-multibyte-chars -I"/opt/intel/oneapi/mkl/2022.0.2/include"
icc -o programa ../obj/modelo_de_opiniao.o -I. -O2 -lm -lncurses -qopenmp -no-multibyte-chars -I"/opt/intel/oneapi/mkl/2022.0.2/include"
Tempo (ini): 1702833676
rm -f ../obj/modelo_de_opiniao.o programa
icc -c -o ../obj/modelo_de_opiniao.o modelo_de_opiniao.c -I. -O2 -lm -lncurses -qopenmp -no-multibyte-chars -I"/opt/intel/oneapi/mkl/2022.0.2/include"
icc -o programa ../obj/modelo_de_opiniao.o -I. -O2 -lm -lncurses -qopenmp -no-multibyte-chars -I"/opt/intel/oneapi/mkl/2022.0.2/include"
Tempo (ini): 1702833702
rm -f ../obj/modelo_de_opiniao.o programa
icc -c -o ../obj/modelo_de_opiniao.o modelo_de_opiniao.c -I. -O2 -lm -lncurses -qopenmp -no-multibyte-chars -I"/opt/intel/oneapi/mkl/2022.0.2/include"
icc -o programa ../obj/modelo_de_opiniao.o -I. -O2 -lm -lncurses -qopenmp -no-multibyte-chars -I"/opt/intel/oneapi/mkl/2022.0.2/include"
Tempo (ini): 1702833727
rm -f ../obj/modelo_de_opiniao.o programa
icc -c -o ../obj/modelo_de_opiniao.o modelo_de_opiniao.c -I. -O2 -lm -lncurses -qopenmp -no-multibyte-chars -I"/opt/intel/oneapi/mkl/2022.0.2/include"
icc -o programa ../obj/modelo_de_opiniao.o -I. -O2 -lm -lncurses -qopenmp -no-multibyte-chars -I"/opt/intel/oneapi/mkl/2022.0.2/include"
Tempo (ini): 1702833752
rm -f ../obj/modelo_de_opiniao.o programa
icc -c -o ../obj/modelo_de_opiniao.o modelo_de_opiniao.c -I. -O2 -lm -lncurses -qopenmp -no-multibyte-chars -I"/opt/intel/oneapi/mkl/2022.0.2/include"
icc -o programa ../obj/modelo_de_opiniao.o -I. -O2 -lm -lncurses -qopenmp -no-multibyte-chars -I"/opt/intel/oneapi/mkl/2022.0.2/include"
Tempo (ini): 1702833781
rm -f ../obj/modelo_de_opiniao.o programa
icc -c -o ../obj/modelo_de_opiniao.o modelo_de_opiniao.c -I. -O2 -lm -lncurses -qopenmp -no-multibyte-chars -I"/opt/intel/oneapi/mkl/2022.0.2/include"
icc -o programa ../obj/modelo_de_opiniao.o -I. -O2 -lm -lncurses -qopenmp -no-multibyte-chars -I"/opt/intel/oneapi/mkl/2022.0.2/include"
Tempo (ini): 1702833805
rm -f ../obj/modelo_de_opiniao.o programa
icc -c -o ../obj/modelo_de_opiniao.o modelo_de_opiniao.c -I. -O2 -lm -lncurses -qopenmp -no-multibyte-chars -I"/opt/intel/oneapi/mkl/2022.0.2/include"
icc -o programa ../obj/modelo_de_opiniao.o -I. -O2 -lm -lncurses -qopenmp -no-multibyte-chars -I"/opt/intel/oneapi/mkl/2022.0.2/include"
Tempo (ini): 1702833830
rm -f ../obj/modelo_de_opiniao.o programa
icc -c -o ../obj/modelo_de_opiniao.o modelo_de_opiniao.c -I. -O2 -lm -lncurses -qopenmp -no-multibyte-chars -I"/opt/intel/oneapi/mkl/2022.0.2/include"
icc -o programa ../obj/modelo_de_opiniao.o -I. -O2 -lm -lncurses -qopenmp -no-multibyte-chars -I"/opt/intel/oneapi/mkl/2022.0.2/include"
Tempo (ini): 1702833857
rm -f ../obj/modelo_de_opiniao.o programa
icc -c -o ../obj/modelo_de_opiniao.o modelo_de_opiniao.c -I. -O2 -lm -lncurses -qopenmp -no-multibyte-chars -I"/opt/intel/oneapi/mkl/2022.0.2/include"
icc -o programa ../obj/modelo_de_opiniao.o -I. -O2 -lm -lncurses -qopenmp -no-multibyte-chars -I"/opt/intel/oneapi/mkl/2022.0.2/include"
Tempo (ini): 1702833882
